#
# A fatal error has been detected by the Java Runtime Environment:
#
#  EXCEPTION_ACCESS_VIOLATION (0xc0000005) at pc=0x0000000053a97d00, pid=3884, tid=36
#
# JRE version: 6.0_43-b01
# Java VM: Java HotSpot(TM) 64-Bit Server VM (20.14-b01 mixed mode windows-amd64 compressed oops)
# Problematic frame:
# C  [nvoglv64.DLL+0xac7d00]
#
# If you would like to submit a bug report, please visit:
#   http://java.sun.com/webapps/bugreport/crash.jsp
# The crash happened outside the Java Virtual Machine in native code.
# See problematic frame for where to report the bug.
#

---------------  T H R E A D  ---------------

Current thread (0x000000000aa81000):  JavaThread "LWJGL Renderer Thread" [_thread_in_native, id=36, stack(0x000000000b3a0000,0x000000000b4a0000)]

siginfo: ExceptionCode=0xc0000005, reading address 0x00000000003bf000

Registers:
RAX=0x0000000000000000, RBX=0x0000000000000001, RCX=0x0000000012598648, RDX=0x00000000003bf000
RSP=0x000000000b49efd8, RBP=0x000000000c718890, RSI=0x0000000013ada374, RDI=0x000000000b7baa78
R8 =0x0000000000000008, R9 =0x0000000000001801, R10=0x0000000000000008, R11=0x0000000000000008
R12=0x000000000b49f078, R13=0x000000000b7ba6a8, R14=0x000000000b7baa60, R15=0x0000000053a97cf0
RIP=0x0000000053a97d00, EFLAGS=0x0000000000010202

Top of Stack: (sp=0x000000000b49efd8)
0x000000000b49efd8:   0000000053b7dbd5 000000000c718890
0x000000000b49efe8:   0000000000001b61 0000000000000000
0x000000000b49eff8:   000000000b49f090 000000000b7ba6a8
0x000000000b49f008:   0000000052fd0000 000000000b7baa78
0x000000000b49f018:   0000000053b8002c 0000000000000001
0x000000000b49f028:   0000000000000002 0000000000000000
0x000000000b49f038:   000000001c94cf70 000000000b7baa60
0x000000000b49f048:   0000000053a97cf0 0000000000000001
0x000000000b49f058:   000000000b49f078 0000000040bd4650
0x000000000b49f068:   00000000539f37dc 0000000000000003
0x000000000b49f078:   0000000012596b48 0000000000000001
0x000000000b49f088:   00000000539f331d 0000000040bd4650
0x000000000b49f098:   10c0000000000000 000000000c718890
0x000000000b49f0a8:   000000000b7ba6a8 000000000ca0cf30
0x000000000b49f0b8:   0000000000000004 0000000000000000
0x000000000b49f0c8:   0000000000001405 0000000000000000 

Instructions: (pc=0x0000000053a97d00)
0x0000000053a97ce0:   e9 db fc ff ff cc cc cc cc cc cc cc cc cc cc cc
0x0000000053a97cf0:   4d 63 d0 66 66 66 66 66 0f 1f 84 00 00 00 00 00
0x0000000053a97d00:   8b 02 48 83 c1 08 89 41 f8 8b 42 04 49 03 d2 41
0x0000000053a97d10:   ff c9 89 41 fc 75 e9 48 8b c1 c3 cc cc cc cc cc 


Register to memory mapping:

RAX=0x0000000000000000 is an unknown value
RBX=0x0000000000000001 is an unknown value
RCX=0x0000000012598648 is an unknown value
RDX=0x00000000003bf000 is an unknown value
RSP=0x000000000b49efd8 is pointing into the stack for thread: 0x000000000aa81000
RBP=0x000000000c718890 is an unknown value
RSI=0x0000000013ada374 is an unknown value
RDI=0x000000000b7baa78 is an unknown value
R8 =0x0000000000000008 is an unknown value
R9 =0x0000000000001801 is an unknown value
R10=0x0000000000000008 is an unknown value
R11=0x0000000000000008 is an unknown value
R12=0x000000000b49f078 is pointing into the stack for thread: 0x000000000aa81000
R13=0x000000000b7ba6a8 is an unknown value
R14=0x000000000b7baa60 is an unknown value
R15=0x0000000053a97cf0 is an unknown value


Stack: [0x000000000b3a0000,0x000000000b4a0000],  sp=0x000000000b49efd8,  free space=1019k
Native frames: (J=compiled Java code, j=interpreted, Vv=VM code, C=native code)
C  [nvoglv64.DLL+0xac7d00]  DrvPresentBuffers+0xcbeb0

Java frames: (J=compiled Java code, j=interpreted, Vv=VM code)
J  org.lwjgl.opengl.GL12.nglDrawRangeElementsBO(IIIIIJJ)V
J  com.jme3.renderer.lwjgl.LwjglRenderer.drawTriangleList(Lcom/jme3/scene/VertexBuffer;Lcom/jme3/scene/Mesh;I)V
J  com.jme3.material.Material.render(Lcom/jme3/scene/Geometry;Lcom/jme3/renderer/RenderManager;)V
J  com.jme3.renderer.RenderManager.renderGeometry(Lcom/jme3/scene/Geometry;)V
J  com.jme3.shadow.AbstractShadowRenderer.renderShadowMap(ILcom/jme3/renderer/queue/GeometryList;Lcom/jme3/renderer/queue/GeometryList;)V
J  com.jme3.renderer.RenderManager.renderViewPort(Lcom/jme3/renderer/ViewPort;F)V
J  com.jme3.renderer.RenderManager.render(FZ)V
J  com.jme3.system.lwjgl.LwjglCanvas.runLoop()V
J  com.jme3.system.lwjgl.LwjglAbstractDisplay.run()V
j  java.lang.Thread.run()V+11
v  ~StubRoutines::call_stub

---------------  P R O C E S S  ---------------

Java Threads: ( => current thread )
  0x000000000a9ef800 JavaThread "jME3 Audio Thread" daemon [_thread_blocked, id=6988, stack(0x000000000ca50000,0x000000000cb50000)]
=>0x000000000aa81000 JavaThread "LWJGL Renderer Thread" [_thread_in_native, id=36, stack(0x000000000b3a0000,0x000000000b4a0000)]
  0x000000000ab66000 JavaThread "D3D Screen Updater" daemon [_thread_blocked, id=3908, stack(0x000000000aee0000,0x000000000afe0000)]
  0x000000000059d000 JavaThread "DestroyJavaVM" [_thread_blocked, id=5240, stack(0x0000000001cc0000,0x0000000001dc0000)]
  0x0000000007384800 JavaThread "AWT-EventQueue-0" [_thread_blocked, id=6000, stack(0x00000000086d0000,0x00000000087d0000)]
  0x0000000007310800 JavaThread "AWT-Windows" daemon [_thread_in_native, id=4728, stack(0x0000000008560000,0x0000000008660000)]
  0x0000000007310000 JavaThread "AWT-Shutdown" [_thread_blocked, id=4548, stack(0x0000000008460000,0x0000000008560000)]
  0x000000000730f000 JavaThread "Java2D Disposer" daemon [_thread_blocked, id=1924, stack(0x0000000008360000,0x0000000008460000)]
  0x0000000002223000 JavaThread "Low Memory Detector" daemon [_thread_blocked, id=8940, stack(0x00000000077b0000,0x00000000078b0000)]
  0x0000000002222000 JavaThread "C2 CompilerThread1" daemon [_thread_blocked, id=868, stack(0x00000000076b0000,0x00000000077b0000)]
  0x000000000221c000 JavaThread "C2 CompilerThread0" daemon [_thread_blocked, id=5440, stack(0x00000000075b0000,0x00000000076b0000)]
  0x0000000002216800 JavaThread "Attach Listener" daemon [_thread_blocked, id=4880, stack(0x00000000074b0000,0x00000000075b0000)]
  0x0000000002212000 JavaThread "Signal Dispatcher" daemon [_thread_blocked, id=1364, stack(0x00000000073b0000,0x00000000074b0000)]
  0x00000000021f8800 JavaThread "Finalizer" daemon [_thread_blocked, id=5928, stack(0x00000000070b0000,0x00000000071b0000)]
  0x00000000021f8000 JavaThread "Reference Handler" daemon [_thread_blocked, id=2248, stack(0x0000000006fb0000,0x00000000070b0000)]

Other Threads:
  0x00000000021f1000 VMThread [stack: 0x0000000006eb0000,0x0000000006fb0000] [id=2768]
  0x0000000002228800 WatcherThread [stack: 0x00000000078b0000,0x00000000079b0000] [id=1680]

VM state:not at safepoint (normal execution)

VM Mutex/Monitor currently owned by a thread: None

Heap
 PSYoungGen      total 11136K, used 6715K [0x00000007c00b0000, 0x00000007c0c80000, 0x0000000800000000)
  eden space 10176K, 60% used [0x00000007c00b0000,0x00000007c06b6e88,0x00000007c0aa0000)
  from space 960K, 56% used [0x00000007c0b90000,0x00000007c0c18000,0x00000007c0c80000)
  to   space 960K, 0% used [0x00000007c0aa0000,0x00000007c0aa0000,0x00000007c0b90000)
 PSOldGen        total 131008K, used 51913K [0x0000000740200000, 0x00000007481f0000, 0x00000007c00b0000)
  object space 131008K, 39% used [0x0000000740200000,0x00000007434b2660,0x00000007481f0000)
 PSPermGen       total 22784K, used 22704K [0x000000073b000000, 0x000000073c640000, 0x0000000740200000)
  object space 22784K, 99% used [0x000000073b000000,0x000000073c62c378,0x000000073c640000)

Code Cache  [0x0000000002230000, 0x00000000026c0000, 0x0000000005230000)
 total_blobs=1729 nmethods=1120 adapters=562 free_code_cache=45656832 largest_free_block=20224

Dynamic libraries:
0x0000000000400000 - 0x000000000042f000 	C:\Program Files\Java\jre6\bin\javaw.exe
0x000007ff8cc60000 - 0x000007ff8ce20000 	C:\Windows\SYSTEM32\ntdll.dll
0x000007ff8a580000 - 0x000007ff8a6b6000 	C:\Windows\system32\KERNEL32.DLL
0x000007ff89e60000 - 0x000007ff89f53000 	C:\Windows\system32\KERNELBASE.dll
0x000007ff8a710000 - 0x000007ff8a7ee000 	C:\Windows\system32\ADVAPI32.dll
0x000007ff8b7c0000 - 0x000007ff8b90c000 	C:\Windows\system32\USER32.dll
0x000007ff8a940000 - 0x000007ff8a9e5000 	C:\Windows\system32\msvcrt.dll
0x000007ff8b0c0000 - 0x000007ff8b108000 	C:\Windows\SYSTEM32\sechost.dll
0x000007ff8a7f0000 - 0x000007ff8a930000 	C:\Windows\system32\RPCRT4.dll
0x000007ff8a210000 - 0x000007ff8a350000 	C:\Windows\system32\GDI32.dll
0x000007ff8a540000 - 0x000007ff8a579000 	C:\Windows\system32\IMM32.DLL
0x000007ff8a350000 - 0x000007ff8a465000 	C:\Windows\system32\MSCTF.dll
0x000000006d810000 - 0x000000006dfcc000 	C:\Program Files\Java\jre6\bin\server\jvm.dll
0x000007ff86cb0000 - 0x000007ff86cd0000 	C:\Windows\SYSTEM32\WINMM.dll
0x000007ff86c00000 - 0x000007ff86c32000 	C:\Windows\SYSTEM32\WINMMBASE.dll
0x000000006d780000 - 0x000000006d78e000 	C:\Program Files\Java\jre6\bin\verify.dll
0x000000006d3b0000 - 0x000000006d3d7000 	C:\Program Files\Java\jre6\bin\java.dll
0x000000006d7d0000 - 0x000000006d7e2000 	C:\Program Files\Java\jre6\bin\zip.dll
0x000000006d000000 - 0x000000006d1c4000 	C:\Program Files\Java\jre6\bin\awt.dll
0x000007ff85af0000 - 0x000007ff85b6d000 	C:\Windows\SYSTEM32\WINSPOOL.DRV
0x000007ff8b570000 - 0x000007ff8b6ee000 	C:\Windows\system32\ole32.dll
0x000007ff8b980000 - 0x000007ff8cc60000 	C:\Windows\system32\SHELL32.dll
0x000007ff874d0000 - 0x000007ff8773a000 	C:\Windows\WinSxS\amd64_microsoft.windows.common-controls_6595b64144ccf1df_6.0.9200.16579_none_418ab7ef718b27ef\COMCTL32.dll
0x000007ff8b3c0000 - 0x000007ff8b570000 	C:\Windows\SYSTEM32\combase.dll
0x000007ff8a6c0000 - 0x000007ff8a710000 	C:\Windows\system32\SHLWAPI.dll
0x000007ff82f90000 - 0x000007ff8302f000 	C:\Windows\system32\apphelp.dll
0x000007ff87cb0000 - 0x000007ff87cd1000 	C:\Windows\system32\DWMAPI.DLL
0x000007ff888f0000 - 0x000007ff889d6000 	C:\Windows\system32\uxtheme.dll
0x000007ff6bc40000 - 0x000007ff6bd10000 	C:\Program Files\1UPIndustries\Bins\v1.1.0.242\TaskbarDockAppIntegration64.dll
0x000007ff83a30000 - 0x000007ff83b8a000 	C:\Windows\SYSTEM32\PROPSYS.dll
0x000007ff72740000 - 0x000007ff729fd000 	C:\Windows\SYSTEM32\msi.dll
0x000007ff8b6f0000 - 0x000007ff8b7b3000 	C:\Windows\system32\OLEAUT32.dll
0x000007ff89970000 - 0x000007ff8997a000 	C:\Windows\SYSTEM32\CRYPTBASE.dll
0x000007ff89910000 - 0x000007ff8996c000 	C:\Windows\SYSTEM32\bcryptPrimitives.dll
0x000007ff88cc0000 - 0x000007ff88d56000 	C:\Windows\SYSTEM32\shcore.dll
0x000007ff811d0000 - 0x000007ff811d9000 	J:\Program Files\Synergy\synrgyhk.DLL
0x0000000055250000 - 0x0000000055322000 	C:\Windows\SYSTEM32\MSVCR100.dll
0x000007ff8aa60000 - 0x000007ff8aaf6000 	C:\Windows\SYSTEM32\clbcatq.dll
0x0000000180000000 - 0x00000001800a9000 	C:\Program Files\1UPIndustries\Bins\v1.1.0.242\EasyHook64.dll
0x000007ff8a930000 - 0x000007ff8a937000 	C:\Windows\system32\PSAPI.DLL
0x000007ff7de90000 - 0x000007ff7e16a000 	C:\Windows\system32\explorerframe.dll
0x000007ff86d80000 - 0x000007ff86e37000 	C:\Windows\system32\DUser.dll
0x000007ff87d00000 - 0x000007ff87eb9000 	C:\Windows\system32\DUI70.dll
0x000000006d2a0000 - 0x000000006d307000 	C:\Program Files\Java\jre6\bin\fontmanager.dll
0x000007ff7ff20000 - 0x000007ff80120000 	C:\Windows\system32\d3d9.dll
0x000007ff86cd0000 - 0x000007ff86cd9000 	C:\Windows\SYSTEM32\VERSION.dll
0x000007ff6ad30000 - 0x000007ff6bba4000 	C:\Windows\SYSTEM32\nvd3dumx.dll
0x000007ff89ad0000 - 0x000007ff89b13000 	C:\Windows\SYSTEM32\powrprof.dll
0x000007ff841c0000 - 0x000007ff84318000 	C:\Program Files (x86)\NVIDIA Corporation\3D Vision\nvSCPAPI64.dll
0x000007ff8ad90000 - 0x000007ff8af60000 	C:\Windows\system32\SETUPAPI.dll
0x000007ff89e10000 - 0x000007ff89e5f000 	C:\Windows\system32\CFGMGR32.dll
0x000007ff89c00000 - 0x000007ff89c22000 	C:\Windows\system32\DEVOBJ.dll
0x000007ff893e0000 - 0x000007ff893fa000 	C:\Windows\SYSTEM32\CRYPTSP.dll
0x000007ff89060000 - 0x000007ff890ab000 	C:\Windows\system32\rsaenh.dll
0x000007ff89160000 - 0x000007ff8917f000 	C:\Windows\SYSTEM32\USERENV.dll
0x000007ff89b30000 - 0x000007ff89b45000 	C:\Windows\SYSTEM32\profapi.dll
0x000000006d610000 - 0x000000006d627000 	C:\Program Files\Java\jre6\bin\net.dll
0x000007ff8b340000 - 0x000007ff8b398000 	C:\Windows\system32\WS2_32.dll
0x000007ff8a480000 - 0x000007ff8a489000 	C:\Windows\system32\NSI.dll
0x000007ff89380000 - 0x000007ff893dc000 	C:\Windows\system32\mswsock.dll
0x000007ff82350000 - 0x000007ff82364000 	C:\Windows\system32\napinsp.dll
0x000007ff82330000 - 0x000007ff82348000 	C:\Windows\system32\pnrpnsp.dll
0x000007ff884f0000 - 0x000007ff88506000 	C:\Windows\system32\NLAapi.dll
0x000007ff891c0000 - 0x000007ff89258000 	C:\Windows\SYSTEM32\DNSAPI.dll
0x000007ff82310000 - 0x000007ff82322000 	C:\Windows\System32\winrnr.dll
0x0000000055180000 - 0x00000000551a6000 	C:\Program Files\Bonjour\mdnsNSP.dll
0x000007ff848f0000 - 0x000007ff8491a000 	C:\Windows\SYSTEM32\Iphlpapi.DLL
0x000007ff84790000 - 0x000007ff8479a000 	C:\Windows\SYSTEM32\WINNSI.DLL
0x000007ff822f0000 - 0x000007ff82306000 	C:\Windows\system32\wlidnsp.dll
0x000007ff822d0000 - 0x000007ff822e4000 	C:\Windows\system32\wshbth.dll
0x000007ff810b0000 - 0x000007ff810b8000 	C:\Windows\System32\rasadhlp.dll
0x000007ff84730000 - 0x000007ff8478f000 	C:\Windows\System32\fwpuclnt.dll
0x000000006d630000 - 0x000000006d63c000 	C:\Program Files\Java\jre6\bin\nio.dll
0x000000000a650000 - 0x000000000a6a0000 	C:\Users\Mitch\git\Celestial\Celestial\lwjgl64.dll
0x000007ff7c390000 - 0x000007ff7c4af000 	C:\Windows\SYSTEM32\OPENGL32.dll
0x000007ff813b0000 - 0x000007ff813dc000 	C:\Windows\SYSTEM32\GLU32.dll
0x000007ff7c2a0000 - 0x000007ff7c38a000 	C:\Windows\SYSTEM32\DDRAW.dll
0x000007ff813a0000 - 0x000007ff813a8000 	C:\Windows\SYSTEM32\DCIMAN32.dll
0x0000000052fd0000 - 0x0000000054a86000 	C:\Windows\SYSTEM32\nvoglv64.DLL
0x000007ff89f60000 - 0x000007ff89fb5000 	C:\Windows\system32\WINTRUST.dll
0x000007ff89c30000 - 0x000007ff89e07000 	C:\Windows\system32\CRYPT32.dll
0x000007ff89be0000 - 0x000007ff89bf6000 	C:\Windows\system32\MSASN1.dll
0x000007ff88e70000 - 0x000007ff88e9e000 	C:\Windows\SYSTEM32\ntmarta.dll
0x000000000b4a0000 - 0x000000000b504000 	C:\Users\Mitch\git\Celestial\Celestial\OpenAL64.dll
0x000007ff87910000 - 0x000007ff87972000 	C:\Windows\System32\MMDevApi.dll
0x000007ff81250000 - 0x000007ff812db000 	C:\Windows\SYSTEM32\dsound.dll
0x000007ff7cb70000 - 0x000007ff7cbe2000 	C:\Windows\SYSTEM32\AUDIOSES.DLL
0x000000006d3f0000 - 0x000000006d3f7000 	C:\Program Files\Java\jre6\bin\jawt.dll

VM Arguments:
jvm_args: -Dfile.encoding=Cp1252 
java_command: com.celestial.Celestial
Launcher Type: SUN_STANDARD

Environment Variables:
JAVA_HOME=C:\Program Files\Java\jdk1.6.0_43
PATH=C:\Program Files (x86)\NVIDIA Corporation\PhysX\Common;C:\Windows\system32;C:\Windows;C:\Windows\System32\Wbem;C:\Windows\System32\WindowsPowerShell\v1.0\;;C:\Program Files\PrimeSense\NITE\bin64;C:\Program Files (x86)\Windows Kits\8.0\Windows Performance Toolkit\;J:\Program Files\TortoiseSVN\bin;C:\Program Files\SlikSvn\bin
USERNAME=Mitch
OS=Windows_NT
PROCESSOR_IDENTIFIER=Intel64 Family 6 Model 26 Stepping 5, GenuineIntel



---------------  S Y S T E M  ---------------

OS: Windows 8 , 64 bit Build 9200 

CPU:total 8 (4 cores per cpu, 2 threads per core) family 6 model 26 stepping 5, cmov, cx8, fxsr, mmx, sse, sse2, sse3, ssse3, sse4.1, sse4.2, popcnt, ht

Memory: 4k page, physical 12573800k(8200788k free), swap 25156712k(19936988k free)

vm_info: Java HotSpot(TM) 64-Bit Server VM (20.14-b01) for windows-amd64 JRE (1.6.0_43-b01), built on Mar  1 2013 01:52:33 by "java_re" with MS VC++ 8.0 (VS2005)

time: Sat Jun 08 17:23:33 2013
elapsed time: 383 seconds

