#
# A fatal error has been detected by the Java Runtime Environment:
#
#  EXCEPTION_ACCESS_VIOLATION (0xc0000005) at pc=0x0000000053a97d30, pid=6276, tid=9080
#
# JRE version: 6.0_43-b01
# Java VM: Java HotSpot(TM) 64-Bit Server VM (20.14-b01 mixed mode windows-amd64 compressed oops)
# Problematic frame:
# C  [nvoglv64.DLL+0xac7d30]
#
# If you would like to submit a bug report, please visit:
#   http://java.sun.com/webapps/bugreport/crash.jsp
# The crash happened outside the Java Virtual Machine in native code.
# See problematic frame for where to report the bug.
#

---------------  T H R E A D  ---------------

Current thread (0x000000000732f000):  JavaThread "LWJGL Renderer Thread" [_thread_in_native, id=9080, stack(0x000000000b6e0000,0x000000000b7e0000)]

siginfo: ExceptionCode=0xc0000005, reading address 0x000000000b812000

Registers:
RAX=0x0000000042400000, RBX=0x0000000000000000, RCX=0x0000000013fea684, RDX=0x000000000b812008
RSP=0x000000000b7dee08, RBP=0x000000000c629f70, RSI=0x000000000cd1030c, RDI=0x000000000b37aa40
R8 =0x000000000000000c, R9 =0x0000000000000001, R10=0x000000000000000c, R11=0x000000000000000c
R12=0x000000000b7deea8, R13=0x000000000b37a6a8, R14=0x000000000b37aa28, R15=0x0000000053a97d20
RIP=0x0000000053a97d30, EFLAGS=0x0000000000010202

Top of Stack: (sp=0x000000000b7dee08)
0x000000000b7dee08:   0000000053b7dbd5 000000000c629f70
0x000000000b7dee18:   0000000000001801 0000000000000000
0x000000000b7dee28:   000000000b7deec0 000000000b37a6a8
0x000000000b7dee38:   0000000052fd0000 000000000b37aa40
0x000000000b7dee48:   0000000053b8002c 0000000000000000
0x000000000b7dee58:   0000000000000001 0000000000000000
0x000000000b7dee68:   0000000011ce2000 000000000b37aa28
0x000000000b7dee78:   0000000053a97d20 0000000000000000
0x000000000b7dee88:   000000000b7deea8 0000000040c16698
0x000000000b7dee98:   0000000042ba22c0 0000000100000003
0x000000000b7deea8:   0000000013fd8684 0000000000000000
0x000000000b7deeb8:   00000000539eced4 0000000040c16698
0x000000000b7deec8:   10c0000000000000 000000000c629f70
0x000000000b7deed8:   0000000011cccc70 0000000000000012
0x000000000b7deee8:   0000000000000004 0000000000000000
0x000000000b7deef8:   0000000000001405 0000000000000000 

Instructions: (pc=0x0000000053a97d30)
0x0000000053a97d10:   ff c9 89 41 fc 75 e9 48 8b c1 c3 cc cc cc cc cc
0x0000000053a97d20:   4d 63 d0 48 83 c2 08 66 0f 1f 84 00 00 00 00 00
0x0000000053a97d30:   8b 42 f8 48 83 c1 0c 89 41 f4 8b 42 fc 89 41 f8
0x0000000053a97d40:   8b 02 49 03 d2 41 ff c9 89 41 fc 75 e3 48 8b c1 


Register to memory mapping:

RAX=0x0000000042400000 is an unknown value
RBX=0x0000000000000000 is an unknown value
RCX=0x0000000013fea684 is an unknown value
RDX=0x000000000b812008 is an unknown value
RSP=0x000000000b7dee08 is pointing into the stack for thread: 0x000000000732f000
RBP=0x000000000c629f70 is an unknown value
RSI=0x000000000cd1030c is an unknown value
RDI=0x000000000b37aa40 is an unknown value
R8 =0x000000000000000c is an unknown value
R9 =0x0000000000000001 is an unknown value
R10=0x000000000000000c is an unknown value
R11=0x000000000000000c is an unknown value
R12=0x000000000b7deea8 is pointing into the stack for thread: 0x000000000732f000
R13=0x000000000b37a6a8 is an unknown value
R14=0x000000000b37aa28 is an unknown value
R15=0x0000000053a97d20 is an unknown value


Stack: [0x000000000b6e0000,0x000000000b7e0000],  sp=0x000000000b7dee08,  free space=1019k
Native frames: (J=compiled Java code, j=interpreted, Vv=VM code, C=native code)
C  [nvoglv64.DLL+0xac7d30]  DrvPresentBuffers+0xcbee0

Java frames: (J=compiled Java code, j=interpreted, Vv=VM code)
J  org.lwjgl.opengl.GL12.nglDrawRangeElementsBO(IIIIIJJ)V
J  com.jme3.renderer.lwjgl.LwjglRenderer.drawTriangleList(Lcom/jme3/scene/VertexBuffer;Lcom/jme3/scene/Mesh;I)V
J  com.jme3.renderer.lwjgl.LwjglRenderer.renderMeshDefault(Lcom/jme3/scene/Mesh;II)V
J  com.jme3.material.Material.renderMultipassLighting(Lcom/jme3/shader/Shader;Lcom/jme3/scene/Geometry;Lcom/jme3/renderer/RenderManager;)V
J  com.jme3.material.Material.render(Lcom/jme3/scene/Geometry;Lcom/jme3/renderer/RenderManager;)V
J  com.jme3.renderer.RenderManager.renderGeometry(Lcom/jme3/scene/Geometry;)V
J  com.jme3.renderer.queue.RenderQueue.renderQueue(Lcom/jme3/renderer/queue/RenderQueue$Bucket;Lcom/jme3/renderer/RenderManager;Lcom/jme3/renderer/Camera;Z)V
J  com.jme3.renderer.RenderManager.renderViewPortQueues(Lcom/jme3/renderer/ViewPort;Z)V
J  com.jme3.renderer.RenderManager.renderViewPort(Lcom/jme3/renderer/ViewPort;F)V
J  com.jme3.renderer.RenderManager.render(FZ)V
J  com.jme3.system.lwjgl.LwjglCanvas.runLoop()V
j  com.jme3.system.lwjgl.LwjglAbstractDisplay.run()V+132
j  java.lang.Thread.run()V+11
v  ~StubRoutines::call_stub

---------------  P R O C E S S  ---------------

Java Threads: ( => current thread )
  0x000000000732a000 JavaThread "jME3 Audio Thread" daemon [_thread_blocked, id=3060, stack(0x000000000c360000,0x000000000c460000)]
=>0x000000000732f000 JavaThread "LWJGL Renderer Thread" [_thread_in_native, id=9080, stack(0x000000000b6e0000,0x000000000b7e0000)]
  0x0000000007329800 JavaThread "D3D Screen Updater" daemon [_thread_blocked, id=9208, stack(0x000000000ae60000,0x000000000af60000)]
  0x0000000007330800 JavaThread "DestroyJavaVM" [_thread_blocked, id=8392, stack(0x0000000001cc0000,0x0000000001dc0000)]
  0x000000000732b800 JavaThread "AWT-EventQueue-0" [_thread_blocked, id=5736, stack(0x0000000008350000,0x0000000008450000)]
  0x000000000732e800 JavaThread "AWT-Windows" daemon [_thread_in_native, id=4224, stack(0x0000000008150000,0x0000000008250000)]
  0x000000000732c800 JavaThread "AWT-Shutdown" [_thread_blocked, id=9028, stack(0x0000000008050000,0x0000000008150000)]
  0x000000000732b000 JavaThread "Java2D Disposer" daemon [_thread_blocked, id=8388, stack(0x0000000007f50000,0x0000000008050000)]
  0x0000000002264800 JavaThread "Low Memory Detector" daemon [_thread_blocked, id=8376, stack(0x0000000007760000,0x0000000007860000)]
  0x0000000002260000 JavaThread "C2 CompilerThread1" daemon [_thread_blocked, id=8912, stack(0x0000000007660000,0x0000000007760000)]
  0x0000000002259800 JavaThread "C2 CompilerThread0" daemon [_thread_blocked, id=8680, stack(0x0000000007560000,0x0000000007660000)]
  0x0000000002258000 JavaThread "Attach Listener" daemon [_thread_blocked, id=7008, stack(0x0000000007460000,0x0000000007560000)]
  0x0000000002253000 JavaThread "Signal Dispatcher" daemon [_thread_blocked, id=9040, stack(0x0000000007360000,0x0000000007460000)]
  0x0000000002237800 JavaThread "Finalizer" daemon [_thread_blocked, id=3884, stack(0x0000000007060000,0x0000000007160000)]
  0x0000000002236800 JavaThread "Reference Handler" daemon [_thread_blocked, id=8652, stack(0x0000000006f60000,0x0000000007060000)]

Other Threads:
  0x000000000222f000 VMThread [stack: 0x0000000006e60000,0x0000000006f60000] [id=396]
  0x0000000002268800 WatcherThread [stack: 0x0000000007860000,0x0000000007960000] [id=5844]

VM state:not at safepoint (normal execution)

VM Mutex/Monitor currently owned by a thread: None

Heap
 PSYoungGen      total 57344K, used 48518K [0x00000007c00b0000, 0x00000007c40a0000, 0x0000000800000000)
  eden space 49216K, 88% used [0x00000007c00b0000,0x00000007c2b765f8,0x00000007c30c0000)
  from space 8128K, 58% used [0x00000007c38b0000,0x00000007c3d4b5d8,0x00000007c40a0000)
  to   space 8128K, 0% used [0x00000007c30c0000,0x00000007c30c0000,0x00000007c38b0000)
 PSOldGen        total 131008K, used 0K [0x0000000740200000, 0x00000007481f0000, 0x00000007c00b0000)
  object space 131008K, 0% used [0x0000000740200000,0x0000000740200000,0x00000007481f0000)
 PSPermGen       total 22400K, used 22350K [0x000000073b000000, 0x000000073c5e0000, 0x0000000740200000)
  object space 22400K, 99% used [0x000000073b000000,0x000000073c5d3900,0x000000073c5e0000)

Code Cache  [0x0000000002270000, 0x0000000002530000, 0x0000000005270000)
 total_blobs=1396 nmethods=789 adapters=560 free_code_cache=47516224 largest_free_block=9344

Dynamic libraries:
0x0000000000400000 - 0x000000000042f000 	C:\Program Files\Java\jre6\bin\javaw.exe
0x000007ff8cc60000 - 0x000007ff8ce20000 	C:\Windows\SYSTEM32\ntdll.dll
0x000007ff8a580000 - 0x000007ff8a6b6000 	C:\Windows\system32\KERNEL32.DLL
0x000007ff89e60000 - 0x000007ff89f53000 	C:\Windows\system32\KERNELBASE.dll
0x000007ff8a710000 - 0x000007ff8a7ee000 	C:\Windows\system32\ADVAPI32.dll
0x000007ff8b7c0000 - 0x000007ff8b90c000 	C:\Windows\system32\USER32.dll
0x000007ff8a940000 - 0x000007ff8a9e5000 	C:\Windows\system32\msvcrt.dll
0x000007ff8b0c0000 - 0x000007ff8b108000 	C:\Windows\SYSTEM32\sechost.dll
0x000007ff8a7f0000 - 0x000007ff8a930000 	C:\Windows\system32\RPCRT4.dll
0x000007ff8a210000 - 0x000007ff8a350000 	C:\Windows\system32\GDI32.dll
0x000007ff8a540000 - 0x000007ff8a579000 	C:\Windows\system32\IMM32.DLL
0x000007ff8a350000 - 0x000007ff8a465000 	C:\Windows\system32\MSCTF.dll
0x000000006d810000 - 0x000000006dfcc000 	C:\Program Files\Java\jre6\bin\server\jvm.dll
0x000007ff86cb0000 - 0x000007ff86cd0000 	C:\Windows\SYSTEM32\WINMM.dll
0x000007ff86c00000 - 0x000007ff86c32000 	C:\Windows\SYSTEM32\WINMMBASE.dll
0x000000006d780000 - 0x000000006d78e000 	C:\Program Files\Java\jre6\bin\verify.dll
0x000000006d3b0000 - 0x000000006d3d7000 	C:\Program Files\Java\jre6\bin\java.dll
0x000000006d7d0000 - 0x000000006d7e2000 	C:\Program Files\Java\jre6\bin\zip.dll
0x000000006d000000 - 0x000000006d1c4000 	C:\Program Files\Java\jre6\bin\awt.dll
0x000007ff85af0000 - 0x000007ff85b6d000 	C:\Windows\SYSTEM32\WINSPOOL.DRV
0x000007ff8b570000 - 0x000007ff8b6ee000 	C:\Windows\system32\ole32.dll
0x000007ff8b980000 - 0x000007ff8cc60000 	C:\Windows\system32\SHELL32.dll
0x000007ff874d0000 - 0x000007ff8773a000 	C:\Windows\WinSxS\amd64_microsoft.windows.common-controls_6595b64144ccf1df_6.0.9200.16579_none_418ab7ef718b27ef\COMCTL32.dll
0x000007ff8b3c0000 - 0x000007ff8b570000 	C:\Windows\SYSTEM32\combase.dll
0x000007ff8a6c0000 - 0x000007ff8a710000 	C:\Windows\system32\SHLWAPI.dll
0x000007ff82f90000 - 0x000007ff8302f000 	C:\Windows\system32\apphelp.dll
0x000007ff87cb0000 - 0x000007ff87cd1000 	C:\Windows\system32\DWMAPI.DLL
0x000007ff888f0000 - 0x000007ff889d6000 	C:\Windows\system32\uxtheme.dll
0x000007ff6bc40000 - 0x000007ff6bd10000 	C:\Program Files\1UPIndustries\Bins\v1.1.0.242\TaskbarDockAppIntegration64.dll
0x000007ff83a30000 - 0x000007ff83b8a000 	C:\Windows\SYSTEM32\PROPSYS.dll
0x000007ff72740000 - 0x000007ff729fd000 	C:\Windows\SYSTEM32\msi.dll
0x000007ff8b6f0000 - 0x000007ff8b7b3000 	C:\Windows\system32\OLEAUT32.dll
0x000007ff89970000 - 0x000007ff8997a000 	C:\Windows\SYSTEM32\CRYPTBASE.dll
0x000007ff89910000 - 0x000007ff8996c000 	C:\Windows\SYSTEM32\bcryptPrimitives.dll
0x000007ff88cc0000 - 0x000007ff88d56000 	C:\Windows\SYSTEM32\shcore.dll
0x000007ff811d0000 - 0x000007ff811d9000 	J:\Program Files\Synergy\synrgyhk.DLL
0x0000000055250000 - 0x0000000055322000 	C:\Windows\SYSTEM32\MSVCR100.dll
0x000007ff8aa60000 - 0x000007ff8aaf6000 	C:\Windows\SYSTEM32\clbcatq.dll
0x0000000180000000 - 0x00000001800a9000 	C:\Program Files\1UPIndustries\Bins\v1.1.0.242\EasyHook64.dll
0x000007ff8a930000 - 0x000007ff8a937000 	C:\Windows\system32\PSAPI.DLL
0x000007ff7de90000 - 0x000007ff7e16a000 	C:\Windows\system32\explorerframe.dll
0x000007ff86d80000 - 0x000007ff86e37000 	C:\Windows\system32\DUser.dll
0x000007ff87d00000 - 0x000007ff87eb9000 	C:\Windows\system32\DUI70.dll
0x000000006d2a0000 - 0x000000006d307000 	C:\Program Files\Java\jre6\bin\fontmanager.dll
0x000007ff7ff20000 - 0x000007ff80120000 	C:\Windows\system32\d3d9.dll
0x000007ff86cd0000 - 0x000007ff86cd9000 	C:\Windows\SYSTEM32\VERSION.dll
0x000007ff6ad30000 - 0x000007ff6bba4000 	C:\Windows\SYSTEM32\nvd3dumx.dll
0x000007ff89ad0000 - 0x000007ff89b13000 	C:\Windows\SYSTEM32\powrprof.dll
0x000007ff841c0000 - 0x000007ff84318000 	C:\Program Files (x86)\NVIDIA Corporation\3D Vision\nvSCPAPI64.dll
0x000007ff8ad90000 - 0x000007ff8af60000 	C:\Windows\system32\SETUPAPI.dll
0x000007ff89e10000 - 0x000007ff89e5f000 	C:\Windows\system32\CFGMGR32.dll
0x000007ff89c00000 - 0x000007ff89c22000 	C:\Windows\system32\DEVOBJ.dll
0x000007ff893e0000 - 0x000007ff893fa000 	C:\Windows\SYSTEM32\CRYPTSP.dll
0x000007ff89060000 - 0x000007ff890ab000 	C:\Windows\system32\rsaenh.dll
0x000007ff89160000 - 0x000007ff8917f000 	C:\Windows\SYSTEM32\USERENV.dll
0x000007ff89b30000 - 0x000007ff89b45000 	C:\Windows\SYSTEM32\profapi.dll
0x000000006d610000 - 0x000000006d627000 	C:\Program Files\Java\jre6\bin\net.dll
0x000007ff8b340000 - 0x000007ff8b398000 	C:\Windows\system32\WS2_32.dll
0x000007ff8a480000 - 0x000007ff8a489000 	C:\Windows\system32\NSI.dll
0x000007ff89380000 - 0x000007ff893dc000 	C:\Windows\system32\mswsock.dll
0x000007ff82350000 - 0x000007ff82364000 	C:\Windows\system32\napinsp.dll
0x000007ff82330000 - 0x000007ff82348000 	C:\Windows\system32\pnrpnsp.dll
0x000007ff884f0000 - 0x000007ff88506000 	C:\Windows\system32\NLAapi.dll
0x000007ff891c0000 - 0x000007ff89258000 	C:\Windows\SYSTEM32\DNSAPI.dll
0x000007ff82310000 - 0x000007ff82322000 	C:\Windows\System32\winrnr.dll
0x0000000055180000 - 0x00000000551a6000 	C:\Program Files\Bonjour\mdnsNSP.dll
0x000007ff848f0000 - 0x000007ff8491a000 	C:\Windows\SYSTEM32\Iphlpapi.DLL
0x000007ff84790000 - 0x000007ff8479a000 	C:\Windows\SYSTEM32\WINNSI.DLL
0x000007ff822f0000 - 0x000007ff82306000 	C:\Windows\system32\wlidnsp.dll
0x000007ff822d0000 - 0x000007ff822e4000 	C:\Windows\system32\wshbth.dll
0x000007ff810b0000 - 0x000007ff810b8000 	C:\Windows\System32\rasadhlp.dll
0x000007ff84730000 - 0x000007ff8478f000 	C:\Windows\System32\fwpuclnt.dll
0x000000006d630000 - 0x000000006d63c000 	C:\Program Files\Java\jre6\bin\nio.dll
0x000000000b820000 - 0x000000000b870000 	C:\Users\Mitch\git\Celestial\Celestial\lwjgl64.dll
0x000007ff7c500000 - 0x000007ff7c61f000 	C:\Windows\SYSTEM32\OPENGL32.dll
0x000007ff81220000 - 0x000007ff8124c000 	C:\Windows\SYSTEM32\GLU32.dll
0x000007ff7c300000 - 0x000007ff7c3ea000 	C:\Windows\SYSTEM32\DDRAW.dll
0x000007ff81940000 - 0x000007ff81948000 	C:\Windows\SYSTEM32\DCIMAN32.dll
0x0000000052fd0000 - 0x0000000054a86000 	C:\Windows\SYSTEM32\nvoglv64.DLL
0x000007ff89f60000 - 0x000007ff89fb5000 	C:\Windows\system32\WINTRUST.dll
0x000007ff89c30000 - 0x000007ff89e07000 	C:\Windows\system32\CRYPT32.dll
0x000007ff89be0000 - 0x000007ff89bf6000 	C:\Windows\system32\MSASN1.dll
0x000007ff88e70000 - 0x000007ff88e9e000 	C:\Windows\SYSTEM32\ntmarta.dll
0x000000000b420000 - 0x000000000b484000 	C:\Users\Mitch\git\Celestial\Celestial\OpenAL64.dll
0x000007ff87910000 - 0x000007ff87972000 	C:\Windows\System32\MMDevApi.dll
0x000007ff81140000 - 0x000007ff811cb000 	C:\Windows\SYSTEM32\dsound.dll
0x000007ff7cb70000 - 0x000007ff7cbe2000 	C:\Windows\SYSTEM32\AUDIOSES.DLL
0x000000006d3f0000 - 0x000000006d3f7000 	C:\Program Files\Java\jre6\bin\jawt.dll

VM Arguments:
jvm_args: -Dfile.encoding=Cp1252 
java_command: com.celestial.Celestial
Launcher Type: SUN_STANDARD

Environment Variables:
JAVA_HOME=C:\Program Files\Java\jdk1.6.0_43
PATH=C:\Program Files (x86)\NVIDIA Corporation\PhysX\Common;C:\Windows\system32;C:\Windows;C:\Windows\System32\Wbem;C:\Windows\System32\WindowsPowerShell\v1.0\;;C:\Program Files\PrimeSense\NITE\bin64;C:\Program Files (x86)\Windows Kits\8.0\Windows Performance Toolkit\;J:\Program Files\TortoiseSVN\bin;C:\Program Files\SlikSvn\bin
USERNAME=Mitch
OS=Windows_NT
PROCESSOR_IDENTIFIER=Intel64 Family 6 Model 26 Stepping 5, GenuineIntel



---------------  S Y S T E M  ---------------

OS: Windows 8 , 64 bit Build 9200 

CPU:total 8 (4 cores per cpu, 2 threads per core) family 6 model 26 stepping 5, cmov, cx8, fxsr, mmx, sse, sse2, sse3, ssse3, sse4.1, sse4.2, popcnt, ht

Memory: 4k page, physical 12573800k(8179068k free), swap 25156712k(19770300k free)

vm_info: Java HotSpot(TM) 64-Bit Server VM (20.14-b01) for windows-amd64 JRE (1.6.0_43-b01), built on Mar  1 2013 01:52:33 by "java_re" with MS VC++ 8.0 (VS2005)

time: Sat Jun 08 18:13:13 2013
elapsed time: 72 seconds

